0 info it worked if it ends with ok
1 verbose cli [ 'node',
1 verbose cli   '/usr/local/bin/npm',
1 verbose cli   'install',
1 verbose cli   '--save-dev',
1 verbose cli   'cookieParser' ]
2 info using npm@1.4.28
3 info using node@v0.10.36
4 verbose readDependencies using package.json deps
5 verbose cache add [ 'cookieParser', null ]
6 verbose cache add name=undefined spec="cookieParser" args=["cookieParser",null]
7 verbose parsed url { protocol: null,
7 verbose parsed url   slashes: null,
7 verbose parsed url   auth: null,
7 verbose parsed url   host: null,
7 verbose parsed url   port: null,
7 verbose parsed url   hostname: null,
7 verbose parsed url   hash: null,
7 verbose parsed url   search: null,
7 verbose parsed url   query: null,
7 verbose parsed url   pathname: 'cookieParser',
7 verbose parsed url   path: 'cookieParser',
7 verbose parsed url   href: 'cookieParser' }
8 silly lockFile 0e37acdf-cookieParser cookieParser
9 verbose lock cookieParser /Users/marcinwalendzik/.npm/0e37acdf-cookieParser.lock
10 silly lockFile 0e37acdf-cookieParser cookieParser
11 silly lockFile 0e37acdf-cookieParser cookieParser
12 verbose addNamed [ 'cookieParser', '' ]
13 verbose addNamed [ null, '*' ]
14 silly lockFile 74f56a99-cookieParser cookieParser@
15 verbose lock cookieParser@ /Users/marcinwalendzik/.npm/74f56a99-cookieParser.lock
16 silly addNameRange { name: 'cookieParser', range: '*', hasData: false }
17 verbose request where is /cookieParser
18 verbose request registry http://registry.npmjs.org/
19 verbose request id 59bb11d9291f18df
20 verbose url raw /cookieParser
21 verbose url resolving [ 'http://registry.npmjs.org/', './cookieParser' ]
22 verbose url resolved http://registry.npmjs.org/cookieParser
23 verbose request where is http://registry.npmjs.org/cookieParser
24 info trying registry request attempt 1 at 16:41:55
25 http GET http://registry.npmjs.org/cookieParser
26 http 404 http://registry.npmjs.org/cookieParser
27 verbose headers { server: 'CouchDB/1.5.0 (Erlang OTP/R16B03)',
27 verbose headers   'content-type': 'application/json',
27 verbose headers   'cache-control': 'max-age=0',
27 verbose headers   'content-length': '51',
27 verbose headers   'accept-ranges': 'bytes',
27 verbose headers   date: 'Mon, 23 Mar 2015 16:41:56 GMT',
27 verbose headers   via: '1.1 varnish',
27 verbose headers   age: '0',
27 verbose headers   connection: 'keep-alive',
27 verbose headers   'x-served-by': 'cache-lcy1124-LCY',
27 verbose headers   'x-cache': 'MISS',
27 verbose headers   'x-cache-hits': '0',
27 verbose headers   'x-timer': 'S1427128915.917723,VS0,VE643' }
28 silly registry.get cb [ 404,
28 silly registry.get   { server: 'CouchDB/1.5.0 (Erlang OTP/R16B03)',
28 silly registry.get     'content-type': 'application/json',
28 silly registry.get     'cache-control': 'max-age=0',
28 silly registry.get     'content-length': '51',
28 silly registry.get     'accept-ranges': 'bytes',
28 silly registry.get     date: 'Mon, 23 Mar 2015 16:41:56 GMT',
28 silly registry.get     via: '1.1 varnish',
28 silly registry.get     age: '0',
28 silly registry.get     connection: 'keep-alive',
28 silly registry.get     'x-served-by': 'cache-lcy1124-LCY',
28 silly registry.get     'x-cache': 'MISS',
28 silly registry.get     'x-cache-hits': '0',
28 silly registry.get     'x-timer': 'S1427128915.917723,VS0,VE643' } ]
29 silly lockFile 74f56a99-cookieParser cookieParser@
30 silly lockFile 74f56a99-cookieParser cookieParser@
31 error 404 404 Not Found: cookieParser
31 error 404
31 error 404 'cookieParser' is not in the npm registry.
31 error 404 You should bug the author to publish it
31 error 404 It was specified as a dependency of 'MEANproject'
31 error 404
31 error 404 Note that you can also install from a
31 error 404 tarball, folder, or http url, or git url.
32 error System Darwin 14.1.0
33 error command "node" "/usr/local/bin/npm" "install" "--save-dev" "cookieParser"
34 error cwd /Users/marcinwalendzik/dev/MEANproject
35 error node -v v0.10.36
36 error npm -v 1.4.28
37 error code E404
38 verbose exit [ 1, true ]
